<?xml version="1.0" encoding="UTF-8"?>
<!-- Generated by org.testng.reporters.JUnitReportReporter -->
<testsuite hostname="XTTD-2020DZRAYN" name="selenium.Login" tests="1" failures="0" timestamp="13 Mar 2020 03:09:35 GMT" time="17.117" errors="0">
  <testcase name="login" time="17.117" classname="selenium.Login"/>
</testsuite> <!-- selenium.Login -->
