<?xml version="1.0" encoding="UTF-8"?>
<!-- Generated by org.testng.reporters.JUnitReportReporter -->
<testsuite hostname="WIN-LCQK62TRAEF" name="selenium.PlatformManagement" tests="1" failures="0" timestamp="19 Feb 2020 12:17:35 GMT" time="1.844" errors="0">
  <testcase name="ss" time="1.844" classname="selenium.PlatformManagement"/>
</testsuite> <!-- selenium.PlatformManagement -->
