<?xml version="1.0" encoding="UTF-8"?>
<!-- Generated by org.testng.reporters.JUnitReportReporter -->
<testsuite hostname="XTTD-2020DZRAYN" name="selenium.ComplaintManagement" tests="1" failures="0" timestamp="13 Mar 2020 03:09:35 GMT" time="31.665" errors="0">
  <testcase name="complaintMang" time="31.665" classname="selenium.ComplaintManagement"/>
</testsuite> <!-- selenium.ComplaintManagement -->
