<?xml version="1.0" encoding="UTF-8"?>
<!-- Generated by org.testng.reporters.JUnitReportReporter -->
<testsuite hostname="XTTD-2020DZRAYN" name="selenium.InstallEquipmentBroadbandCode" tests="1" failures="0" timestamp="13 Mar 2020 03:09:35 GMT" time="45.735" errors="0">
  <testcase name="broadbandCode" time="45.735" classname="selenium.InstallEquipmentBroadbandCode"/>
</testsuite> <!-- selenium.InstallEquipmentBroadbandCode -->
