<?xml version="1.0" encoding="UTF-8"?>
<!-- Generated by org.testng.reporters.JUnitReportReporter -->
<testsuite hostname="WIN-LCQK62TRAEF" name="WeChatBroadband.WeChat.NewTest" tests="1" failures="0" timestamp="18 Feb 2020 10:52:43 GMT" time="0.005" errors="0">
  <testcase name="f" time="0.005" classname="WeChatBroadband.WeChat.NewTest"/>
</testsuite> <!-- WeChatBroadband.WeChat.NewTest -->
