<?xml version="1.0" encoding="UTF-8"?>
<!-- Generated by org.testng.reporters.JUnitReportReporter -->
<testsuite hostname="WIN-LCQK62TRAEF" name="WeChatBroadband.WeChat.Login" tests="1" failures="0" timestamp="18 Feb 2020 10:55:35 GMT" time="26.508" errors="0">
  <testcase name="login" time="26.508" classname="WeChatBroadband.WeChat.Login"/>
</testsuite> <!-- WeChatBroadband.WeChat.Login -->
