<?xml version="1.0" encoding="UTF-8"?>
<!-- Generated by org.testng.reporters.JUnitReportReporter -->
<testsuite hostname="XTTD-2020DZRAYN" name="selenium.OffShelfProductList" tests="1" failures="0" timestamp="13 Mar 2020 03:09:35 GMT" time="18.918" errors="0">
  <testcase name="OSfProductList" time="18.918" classname="selenium.OffShelfProductList"/>
</testsuite> <!-- selenium.OffShelfProductList -->
