<?xml version="1.0" encoding="UTF-8"?>
<!-- Generated by org.testng.reporters.JUnitReportReporter -->
<testsuite hostname="WIN-LCQK62TRAEF" name="WeChatBroadband.WeChatBroadband.Login" tests="1" failures="0" timestamp="19 Feb 2020 06:51:54 GMT" time="7.511" errors="0">
  <testcase name="login" time="7.511" classname="WeChatBroadband.WeChatBroadband.Login"/>
</testsuite> <!-- WeChatBroadband.WeChatBroadband.Login -->
